<?xml version="1.0" encoding="UTF-8"?>
<!-- Generated by org.testng.reporters.JUnitReportReporter -->
<testsuite skipped="0" hostname="WSE007" name="testcases.PostModule.PostAsCircle" tests="2" failures="0" timestamp="25 Jan 2021 13:06:49 GMT" time="115.149" errors="0">
  <testcase name="postascircle" time="61.332" classname="testcases.PostModule.PostAsCircle"/>
  <testcase name="postascircle" time="53.817" classname="testcases.PostModule.PostAsCircle"/>
</testsuite> <!-- testcases.PostModule.PostAsCircle -->
