<?xml version="1.0" encoding="UTF-8"?>
<!-- Generated by org.testng.reporters.JUnitReportReporter -->
<testsuite skipped="0" hostname="WSE007" name="testcases.Project.CreateProject" tests="1" failures="0" timestamp="28 Jan 2021 11:48:40 GMT" time="78.406" errors="0">
  <testcase name="createProject" time="78.406" classname="testcases.Project.CreateProject"/>
</testsuite> <!-- testcases.Project.CreateProject -->
