<?xml version="1.0" encoding="UTF-8"?>
<!-- Generated by org.testng.reporters.JUnitReportReporter -->
<testsuite skipped="0" hostname="WSE007" name="testcases.Project.CreateProject" tests="1" failures="0" timestamp="29 Jan 2021 06:36:18 GMT" time="85.648" errors="1">
  <testcase name="createProject" time="85.648" classname="testcases.Project.CreateProject">
    <error type="org.openqa.selenium.ElementNotInteractableException" message="element not interactable
  (Session info: chrome=88.0.4324.104)
Build info: version: &#039;3.5.3&#039;, revision: &#039;a88d25fe6b&#039;, time: &#039;2017-08-29T12:42:44.417Z&#039;
System info: host: &#039;WSE007&#039;, ip: &#039;192.168.1.195&#039;, os.name: &#039;Windows 10&#039;, os.arch: &#039;amd64&#039;, os.version: &#039;10.0&#039;, java.version: &#039;1.8.0_271&#039;
Driver info: org.openqa.selenium.chrome.ChromeDriver
Capabilities [{networkConnectionEnabled=false, chrome={chromedriverVersion=87.0.4280.88 (89e2380a3e36c3464b5dd1302349b1382549290d-refs/branch-heads/4280@{#1761}), userDataDir=C:\Users\Durga.DESKTOP-5TE2TID\AppData\Local\Temp\scoped_dir13260_1875791612}, timeouts={implicit=0, pageLoad=300000, script=30000}, pageLoadStrategy=normal, unhandledPromptBehavior=dismiss and notify, strictFileInteractability=false, platform=XP, proxy=Proxy(), goog:chromeOptions={debuggerAddress=localhost:52417}, acceptInsecureCerts=false, browserVersion=88.0.4324.104, browserName=chrome, javascriptEnabled=true, platformName=XP, setWindowRect=true, webauthn:virtualAuthenticators=true}]
Session ID: 96132b78bd40606696a0267f7c1b5f27">
      <![CDATA[org.openqa.selenium.ElementNotInteractableException: element not interactable
  (Session info: chrome=88.0.4324.104)
Build info: version: '3.5.3', revision: 'a88d25fe6b', time: '2017-08-29T12:42:44.417Z'
System info: host: 'WSE007', ip: '192.168.1.195', os.name: 'Windows 10', os.arch: 'amd64', os.version: '10.0', java.version: '1.8.0_271'
Driver info: org.openqa.selenium.chrome.ChromeDriver
Capabilities [{networkConnectionEnabled=false, chrome={chromedriverVersion=87.0.4280.88 (89e2380a3e36c3464b5dd1302349b1382549290d-refs/branch-heads/4280@{#1761}), userDataDir=C:\Users\Durga.DESKTOP-5TE2TID\AppData\Local\Temp\scoped_dir13260_1875791612}, timeouts={implicit=0, pageLoad=300000, script=30000}, pageLoadStrategy=normal, unhandledPromptBehavior=dismiss and notify, strictFileInteractability=false, platform=XP, proxy=Proxy(), goog:chromeOptions={debuggerAddress=localhost:52417}, acceptInsecureCerts=false, browserVersion=88.0.4324.104, browserName=chrome, javascriptEnabled=true, platformName=XP, setWindowRect=true, webauthn:virtualAuthenticators=true}]
Session ID: 96132b78bd40606696a0267f7c1b5f27
at sun.reflect.NativeConstructorAccessorImpl.newInstance0(Native Method)
at sun.reflect.NativeConstructorAccessorImpl.newInstance(Unknown Source)
at sun.reflect.DelegatingConstructorAccessorImpl.newInstance(Unknown Source)
at java.lang.reflect.Constructor.newInstance(Unknown Source)
at org.openqa.selenium.remote.http.W3CHttpResponseCodec.createException(W3CHttpResponseCodec.java:185)
at org.openqa.selenium.remote.http.W3CHttpResponseCodec.decode(W3CHttpResponseCodec.java:120)
at org.openqa.selenium.remote.http.W3CHttpResponseCodec.decode(W3CHttpResponseCodec.java:49)
at org.openqa.selenium.remote.HttpCommandExecutor.execute(HttpCommandExecutor.java:164)
at org.openqa.selenium.remote.service.DriverCommandExecutor.execute(DriverCommandExecutor.java:82)
at org.openqa.selenium.remote.RemoteWebDriver.execute(RemoteWebDriver.java:646)
at org.openqa.selenium.remote.RemoteWebElement.execute(RemoteWebElement.java:275)
at org.openqa.selenium.remote.RemoteWebElement.click(RemoteWebElement.java:82)
at testcases.Project.CreateProject.createProject(CreateProject.java:77)
at sun.reflect.NativeMethodAccessorImpl.invoke0(Native Method)
at sun.reflect.NativeMethodAccessorImpl.invoke(Unknown Source)
at sun.reflect.DelegatingMethodAccessorImpl.invoke(Unknown Source)
at java.lang.reflect.Method.invoke(Unknown Source)
at org.testng.internal.MethodInvocationHelper.invokeMethod(MethodInvocationHelper.java:124)
at org.testng.internal.Invoker.invokeMethod(Invoker.java:583)
at org.testng.internal.Invoker.invokeTestMethod(Invoker.java:719)
at org.testng.internal.Invoker.invokeTestMethods(Invoker.java:989)
at org.testng.internal.TestMethodWorker.invokeTestMethods(TestMethodWorker.java:125)
at org.testng.internal.TestMethodWorker.run(TestMethodWorker.java:109)
at org.testng.TestRunner.privateRun(TestRunner.java:648)
at org.testng.TestRunner.run(TestRunner.java:505)
at org.testng.SuiteRunner.runTest(SuiteRunner.java:455)
at org.testng.SuiteRunner.runSequentially(SuiteRunner.java:450)
at org.testng.SuiteRunner.privateRun(SuiteRunner.java:415)
at org.testng.SuiteRunner.run(SuiteRunner.java:364)
at org.testng.SuiteRunnerWorker.runSuite(SuiteRunnerWorker.java:52)
at org.testng.SuiteRunnerWorker.run(SuiteRunnerWorker.java:84)
at org.testng.TestNG.runSuitesSequentially(TestNG.java:1208)
at org.testng.TestNG.runSuitesLocally(TestNG.java:1137)
at org.testng.TestNG.runSuites(TestNG.java:1049)
at org.testng.TestNG.run(TestNG.java:1017)
at org.testng.remote.AbstractRemoteTestNG.run(AbstractRemoteTestNG.java:114)
at org.testng.remote.RemoteTestNG.initAndRun(RemoteTestNG.java:251)
at org.testng.remote.RemoteTestNG.main(RemoteTestNG.java:77)
]]>
    </error>
  </testcase> <!-- createProject -->
</testsuite> <!-- testcases.Project.CreateProject -->
