<?xml version="1.0" encoding="UTF-8"?>
<!-- Generated by org.testng.reporters.JUnitReportReporter -->
<testsuite skipped="0" hostname="WSE007" name="testcases.ProfileEditPage.CircleCreation" tests="1" failures="0" timestamp="14 Jan 2021 12:21:00 GMT" time="60.495" errors="0">
  <testcase name="circlecreation" time="60.495" classname="testcases.ProfileEditPage.CircleCreation"/>
</testsuite> <!-- testcases.ProfileEditPage.CircleCreation -->
