<?xml version="1.0" encoding="UTF-8"?>
<!-- Generated by org.testng.reporters.JUnitReportReporter -->
<testsuite skipped="0" hostname="WSE007" name="testcases.login.SignUp" tests="1" failures="0" timestamp="19 Jan 2021 06:44:55 GMT" time="67.513" errors="0">
  <testcase name="signup" time="67.513" classname="testcases.login.SignUp"/>
</testsuite> <!-- testcases.login.SignUp -->
