<?xml version="1.0" encoding="UTF-8"?>
<!-- Generated by org.testng.reporters.JUnitReportReporter -->
<testsuite skipped="0" hostname="WSE007" name="testcases.login.Login" tests="1" failures="0" timestamp="07 Dec 2020 11:37:35 GMT" time="20.953" errors="0">
  <testcase name="loggin" time="20.953" classname="testcases.login.Login"/>
</testsuite> <!-- testcases.login.Login -->
