<?xml version="1.0" encoding="UTF-8"?>
<!-- Generated by org.testng.reporters.JUnitReportReporter -->
<testsuite skipped="0" hostname="WSE007" name="testcases.PostModule.Post" tests="1" failures="0" timestamp="25 Jan 2021 09:39:38 GMT" time="6165.578" errors="0">
  <testcase name="post" time="6165.578" classname="testcases.PostModule.Post"/>
</testsuite> <!-- testcases.PostModule.Post -->
