<?xml version="1.0" encoding="UTF-8"?>
<!-- Generated by org.testng.reporters.JUnitReportReporter -->
<testsuite skipped="0" hostname="WSE007" name="testcases.Poll.Poll" tests="1" failures="0" timestamp="09 Jan 2021 08:37:07 GMT" time="41.843" errors="0">
  <testcase name="poll" time="41.843" classname="testcases.Poll.Poll"/>
</testsuite> <!-- testcases.Poll.Poll -->
