<?xml version="1.0" encoding="UTF-8"?>
<!-- Generated by org.testng.reporters.JUnitReportReporter -->
<testsuite skipped="0" hostname="WSE007" name="testcases.PostModule.PostByImages" tests="1" failures="0" timestamp="27 Jan 2021 12:50:35 GMT" time="132.285" errors="0">
  <testcase name="postbyimages" time="132.285" classname="testcases.PostModule.PostByImages"/>
</testsuite> <!-- testcases.PostModule.PostByImages -->
